c:\users\39859\dx11start\dx11start\dx11start\x64\debug\winmain.obj
c:\users\39859\dx11start\dx11start\dx11start\x64\debug\window.obj
c:\users\39859\dx11start\dx11start\dx11start\x64\debug\chiliwin.obj
c:\users\39859\dx11start\dx11start\dx11start\x64\debug\keyboard.obj
c:\users\39859\dx11start\dx11start\dx11start\x64\debug\mouse.obj
c:\users\39859\dx11start\dx11start\dx11start\x64\debug\chilitimer.obj
c:\users\39859\dx11start\dx11start\dx11start\x64\debug\vc143.pdb
c:\users\39859\dx11start\dx11start\dx11start\x64\debug\app.obj
c:\users\39859\dx11start\dx11start\dx11start\x64\debug\graphics.obj
c:\users\39859\dx11start\dx11start\dx11start\x64\debug\windowsmessagemap.obj
c:\users\39859\dx11start\dx11start\dx11start\x64\debug\dxgiinfomanager.obj
c:\users\39859\dx11start\dx11start\dx11start\x64\debug\chiliexception.obj
c:\users\39859\dx11start\dx11start\dx11start\x64\debug\vc143.idb
c:\users\39859\dx11start\dx11start\dx11start\x64\debug\dxerr.obj
c:\users\39859\dx11start\dx11start\dx11start\pixelshader.cso
c:\users\39859\dx11start\dx11start\dx11start\vertexshader.cso
c:\users\39859\dx11start\dx11start\x64\debug\dx11start.exe
c:\users\39859\dx11start\dx11start\x64\debug\dx11start.pdb
c:\users\39859\dx11start\dx11start\dx11start\x64\debug\dx11start.ilk
c:\users\39859\dx11start\dx11start\dx11start\x64\debug\dx11start.tlog\cl.command.1.tlog
c:\users\39859\dx11start\dx11start\dx11start\x64\debug\dx11start.tlog\cl.items.tlog
c:\users\39859\dx11start\dx11start\dx11start\x64\debug\dx11start.tlog\cl.read.1.tlog
c:\users\39859\dx11start\dx11start\dx11start\x64\debug\dx11start.tlog\cl.write.1.tlog
c:\users\39859\dx11start\dx11start\dx11start\x64\debug\dx11start.tlog\fxc.command.1.tlog
c:\users\39859\dx11start\dx11start\dx11start\x64\debug\dx11start.tlog\fxc.read.1.tlog
c:\users\39859\dx11start\dx11start\dx11start\x64\debug\dx11start.tlog\fxc.write.1.tlog
c:\users\39859\dx11start\dx11start\dx11start\x64\debug\dx11start.tlog\link.command.1.tlog
c:\users\39859\dx11start\dx11start\dx11start\x64\debug\dx11start.tlog\link.read.1.tlog
c:\users\39859\dx11start\dx11start\dx11start\x64\debug\dx11start.tlog\link.secondary.1.tlog
c:\users\39859\dx11start\dx11start\dx11start\x64\debug\dx11start.tlog\link.write.1.tlog
