  compilation object save succeeded; see C:\Users\39859\DX11Start\DX11Start\DX11Start\PixelShader.cso
  compilation object save succeeded; see C:\Users\39859\DX11Start\DX11Start\DX11Start\VertexShader.cso
  App.cpp
  ChiliException.cpp
  ChiliTimer.cpp
  ChiliWin.cpp
  dxerr.cpp
  DxgiInfoManager.cpp
  Graphics.cpp
  Keyboard.cpp
  Mouse.cpp
  Window.cpp
  WindowsMessageMap.cpp
  WinMain.cpp
C:\Users\39859\DX11Start\DX11Start\DX11Start\ChiliWin.h(4,9): warning C4005: “_WIN32_WINNT”: 宏重定义
  (编译源文件“Graphics.cpp”)
      C:\Program Files (x86)\Windows Kits\10\Include\10.0.26100.0\shared\sdkddkver.h(228,10):
      参见“_WIN32_WINNT”的前一个定义
  
C:\Users\39859\DX11Start\DX11Start\DX11Start\ChiliWin.h(44,9): warning C4005: “STRICT”: 宏重定义
  (编译源文件“Graphics.cpp”)
      C:\Program Files (x86)\Windows Kits\10\Include\10.0.26100.0\shared\minwindef.h(23,9):
      参见“STRICT”的前一个定义
  
C:\Users\39859\DX11Start\DX11Start\DX11Start\Window.cpp(55,3): warning C4297: “Window::Window”: 假定函数不引发异常，但确实发生了
      C:\Users\39859\DX11Start\DX11Start\DX11Start\Window.cpp(55,3):
      在函数上指定了 __declspec(nothrow)、throw()、noexcept(true)或 noexcept
  
C:\Users\39859\DX11Start\DX11Start\DX11Start\Window.cpp(67,3): warning C4297: “Window::Window”: 假定函数不引发异常，但确实发生了
      C:\Users\39859\DX11Start\DX11Start\DX11Start\Window.cpp(67,3):
      在函数上指定了 __declspec(nothrow)、throw()、noexcept(true)或 noexcept
  
D:\Visual Studio\VC\Tools\MSVC\14.44.35207\include\optional(82,17): warning C4244: “初始化”: 从“WPARAM”转换到“int”，可能丢失数据
  (编译源文件“Window.cpp”)
      D:\Visual Studio\VC\Tools\MSVC\14.44.35207\include\optional(82,17):
      模板实例化上下文(最早的实例化上下文)为
          C:\Users\39859\DX11Start\DX11Start\DX11Start\Window.cpp(122,4):
          查看对正在编译的函数 模板 实例化“std::optional<int>::optional<WPARAM&,0>(_Ty2) noexcept”的引用
          with
          [
              _Ty2=WPARAM &
          ]
              C:\Users\39859\DX11Start\DX11Start\DX11Start\Window.cpp(122,4):
              请参阅 "Window::ProcessMessages" 中对 "std::optional<int>::optional" 的第一个引用
          D:\Visual Studio\VC\Tools\MSVC\14.44.35207\include\optional(272,18):
          查看对正在编译的函数 模板 实例化“std::_Optional_construct_base<_Ty>::_Optional_construct_base<WPARAM&>(std::in_place_t,WPARAM &)”的引用
          with
          [
              _Ty=int
          ]
          C:\Users\39859\DX11Start\DX11Start\DX11Start\Window.cpp(309,1):
          查看对正在编译的函数 模板 实例化“std::_Optional_destruct_base<_Ty,true>::_Optional_destruct_base<WPARAM&>(std::in_place_t,WPARAM &) noexcept”的引用
          with
          [
              _Ty=int
          ]
  
C:\Users\39859\DX11Start\DX11Start\DX11Start\Graphics.cpp(5,39): warning C4081: 应输入“newline”；找到“;”
  DX11Start.vcxproj -> C:\Users\39859\DX11Start\DX11Start\x64\Debug\DX11Start.exe
